<?xml version="1.0" encoding="UTF-8"?>
<!-- Generated by org.testng.reporters.JUnitXMLReporter -->
<testsuite hostname="DESKTOP-6A7BK1O" ignored="3" name="Car Loan" tests="5" failures="0" timestamp="24 Jun 2020 21:10:22 GMT" time="0.093" errors="0">
  <testcase name="loginApiCarLoan" time="0.008" classname="com.qa.testcases1.Day3"/>
  <testcase name="mobileLogOutCarLoan" time="0.005" classname="com.qa.testcases1.Day3"/>
  <testcase name="webLoginCarLoan" time="0.004" classname="com.qa.testcases1.Day3"/>
  <testcase name="loginApiHomeLoan" time="0.003" classname="com.qa.testcases1.Day4"/>
  <testcase name="testParameterization" time="0.001" classname="com.qa.testcases1.Day4"/>
  <testcase name="webLoginHomeLoan" time="0.0" classname="com.qa.testcases1.Day4">
    <ignored/>
  </testcase> <!-- webLoginHomeLoan -->
  <testcase name="mobileLoginHomeLoan" time="0.0" classname="com.qa.testcases1.Day4">
    <ignored/>
  </testcase> <!-- mobileLoginHomeLoan -->
  <testcase name="mobileLoginInCarLoan" time="0.0" classname="com.qa.testcases1.Day3">
    <ignored/>
  </testcase> <!-- mobileLoginInCarLoan -->
</testsuite> <!-- Car Loan -->
