<?xml version="1.0" encoding="UTF-8"?>
<!-- Generated by org.testng.reporters.JUnitXMLReporter -->
<testsuite hostname="DESKTOP-6A7BK1O" ignored="0" name="Personal Loan" tests="5" failures="0" timestamp="24 Jun 2020 21:10:22 GMT" time="0.08" errors="0">
  <testcase name="test1" time="0.009" classname="com.qa.testcases1.Day1"/>
  <testcase name="test2" time="0.002" classname="com.qa.testcases1.Day1"/>
  <testcase name="test1" time="0.002" classname="com.qa.testcases1.Day2"/>
  <testcase name="testParameters" time="0.014" classname="com.qa.testcases1.Day5"/>
  <testcase name="webLoginHomeLoan" time="0.002" classname="com.qa.testcases1.Day5"/>
</testsuite> <!-- Personal Loan -->
